[main] INFO  ebanking  - url is opened
[main] INFO  ebanking  - entered username
[main] INFO  ebanking  - entered password
[main] INFO  ebanking  - provided username
[main] INFO  ebanking  - provided password
[main] INFO  ebanking  - provided username
[main] INFO  ebanking  - provided password
[main] INFO  ebanking  - provided username
[main] INFO  ebanking  - provided password
[main] INFO  ebanking  - login passed
[main] INFO  ebanking  - provided username
[main] INFO  ebanking  - provided password
[main] INFO  ebanking  - login passed
[main] INFO  ebanking  - provided username
[main] INFO  ebanking  - provided password
[main] INFO  ebanking  - provided username
[main] INFO  ebanking  - provided password
[main] INFO  ebanking  - login passed
[main] INFO  ebanking  - provided username
[main] INFO  ebanking  - provided password
[main] INFO  ebanking  - login passed
[main] INFO  ebanking  - provided username
[main] INFO  ebanking  - provided password
[main] INFO  ebanking  - provided username
[main] INFO  ebanking  - provided password
[main] INFO  ebanking  - login passed
[main] INFO  ebanking  - provided username
[main] INFO  ebanking  - provided password
[main] INFO  ebanking  - provided username
[main] INFO  ebanking  - provide password
[main] INFO  ebanking  - provided username
[main] INFO  ebanking  - provide password
[main] INFO  ebanking  - clicked on new customer
[main] INFO  ebanking  - entered all customer details
[main] INFO  ebanking  - validation started
[main] INFO  ebanking  - provided username
[main] INFO  ebanking  - provide password
[main] INFO  ebanking  - clicked on new customer
[main] INFO  ebanking  - entered all customer details
[main] INFO  ebanking  - validation started
[main] INFO  ebanking  - provided username
[main] INFO  ebanking  - provide password
[main] INFO  ebanking  - clicked on new customer
[main] INFO  ebanking  - entered all customer details
[main] INFO  ebanking  - validation started
[main] INFO  ebanking  - provided username
[main] INFO  ebanking  - provide password
[main] INFO  ebanking  - clicked on new customer
[main] INFO  ebanking  - entered all customer details
[main] INFO  ebanking  - validation started
[main] INFO  ebanking  - provided username
[main] INFO  ebanking  - provide password
[main] INFO  ebanking  - clicked on new customer
[main] INFO  ebanking  - entered all customer details
[main] INFO  ebanking  - validation started
[main] INFO  ebanking  - provided username
[main] INFO  ebanking  - provide password
[main] INFO  ebanking  - clicked on new customer
[main] INFO  ebanking  - entered all customer details
[main] INFO  ebanking  - validation started
[main] INFO  ebanking  - Doesn't find any alert
[main] INFO  ebanking  - Test Case passed
[main] INFO  ebanking  - url is opened
[main] INFO  ebanking  - entered username
[main] INFO  ebanking  - entered password
[main] INFO  ebanking  - provided username
[main] INFO  ebanking  - provided password
[main] INFO  ebanking  - login passed
[main] INFO  ebanking  - provided username
[main] INFO  ebanking  - provided password
[main] INFO  ebanking  - provided username
[main] INFO  ebanking  - provide password
[main] INFO  ebanking  - clicked on new customer
[main] INFO  ebanking  - entered all customer details
[main] INFO  ebanking  - validation started
[main] INFO  ebanking  - Doesn't find any alert
[main] INFO  ebanking  - Test Case passed
[main] INFO  ebanking  - url is opened
[main] INFO  ebanking  - entered username
[main] INFO  ebanking  - entered password
[main] INFO  ebanking  - provided username
[main] INFO  ebanking  - provided password
[main] INFO  ebanking  - login passed
[main] INFO  ebanking  - provided username
[main] INFO  ebanking  - provided password
[main] INFO  ebanking  - provided username
[main] INFO  ebanking  - provide password
[main] INFO  ebanking  - clicked on new customer
[main] INFO  ebanking  - entered all customer details
[main] INFO  ebanking  - validation started
[main] INFO  ebanking  - Doesn't find any alert
[main] INFO  ebanking  - Test Case passed
[main] INFO  ebanking  - url is opened
[main] INFO  ebanking  - entered username
[main] INFO  ebanking  - entered password
[main] INFO  ebanking  - provided username
[main] INFO  ebanking  - provided password
[main] INFO  ebanking  - login passed
[main] INFO  ebanking  - provided username
[main] INFO  ebanking  - provided password
[main] INFO  ebanking  - provided username
[main] INFO  ebanking  - provide password
[main] INFO  ebanking  - clicked on new customer
[main] INFO  ebanking  - entered all customer details
[main] INFO  ebanking  - validation started
[main] INFO  ebanking  - url is opened
[main] INFO  ebanking  - entered username
[main] INFO  ebanking  - entered password
[main] INFO  ebanking  - provided username
[main] INFO  ebanking  - provided password
[main] INFO  ebanking  - login passed
[main] INFO  ebanking  - provided username
[main] INFO  ebanking  - provided password
[main] INFO  ebanking  - provided username
[main] INFO  ebanking  - provide password
[main] INFO  ebanking  - clicked on new customer
[main] INFO  ebanking  - entered all customer details
[main] INFO  ebanking  - validation started
[main] INFO  ebanking  - Doesn't find any alert
[main] INFO  ebanking  - Test Case passed
[main] INFO  ebanking  - url is opened
[main] INFO  ebanking  - entered username
[main] INFO  ebanking  - entered password
[main] INFO  ebanking  - provided username
[main] INFO  ebanking  - provided password
[main] INFO  ebanking  - login passed
[main] INFO  ebanking  - provided username
[main] INFO  ebanking  - provide password
[main] INFO  ebanking  - clicked on new customer
[main] INFO  ebanking  - entered all customer details
[main] INFO  ebanking  - validation started
[main] INFO  ebanking  - Doesn't find any alert
[main] INFO  ebanking  - Test Case passed
[main] INFO  ebanking  - url is opened
[main] INFO  ebanking  - entered username
[main] INFO  ebanking  - entered password
[main] INFO  ebanking  - provided username
[main] INFO  ebanking  - provided password
[main] INFO  ebanking  - login passed
[main] INFO  ebanking  - provided username
[main] INFO  ebanking  - provided password
[main] INFO  ebanking  - provided username
[main] INFO  ebanking  - provide password
[main] INFO  ebanking  - clicked on new customer
[main] INFO  ebanking  - entered all customer details
[main] INFO  ebanking  - validation started
[main] INFO  ebanking  - Doesn't find any alert
[main] INFO  ebanking  - Test Case passed
[main] INFO  ebanking  - url is opened
[main] INFO  ebanking  - entered username
[main] INFO  ebanking  - entered password
[main] INFO  ebanking  - provided username
[main] INFO  ebanking  - provided password
[main] INFO  ebanking  - login passed
[main] INFO  ebanking  - provided username
[main] INFO  ebanking  - provide password
[main] INFO  ebanking  - clicked on new customer
[main] INFO  ebanking  - entered all customer details
[main] INFO  ebanking  - validation started
[main] INFO  ebanking  - Doesn't find any alert
[main] INFO  ebanking  - Test Case passed
[main] INFO  ebanking  - url is opened
[main] INFO  ebanking  - entered username
[main] INFO  ebanking  - entered password
[main] INFO  ebanking  - provided username
[main] INFO  ebanking  - provided password
[main] INFO  ebanking  - login passed
[main] INFO  ebanking  - provided username
[main] INFO  ebanking  - provided password
[main] INFO  ebanking  - provided username
[main] INFO  ebanking  - provide password
[main] INFO  ebanking  - clicked on new customer
[main] INFO  ebanking  - entered all customer details
[main] INFO  ebanking  - validation started
[main] INFO  ebanking  - Doesn't find any alert
[main] INFO  ebanking  - Test Case passed
[main] INFO  ebanking  - url is opened
[main] INFO  ebanking  - entered username
[main] INFO  ebanking  - entered password
[main] INFO  ebanking  - provided username
[main] INFO  ebanking  - provided password
[main] INFO  ebanking  - login passed
[main] INFO  ebanking  - provided username
[main] INFO  ebanking  - provided password
[main] INFO  ebanking  - provided username
[main] INFO  ebanking  - provide password
[main] INFO  ebanking  - clicked on new customer
[main] INFO  ebanking  - entered all customer details
[main] INFO  ebanking  - validation started
[main] INFO  ebanking  - Doesn't find any alert
[main] INFO  ebanking  - Test Case passed
[main] INFO  ebanking  - url is opened
[main] INFO  ebanking  - entered username
[main] INFO  ebanking  - entered password
[main] INFO  ebanking  - provided username
[main] INFO  ebanking  - provided password
[main] INFO  ebanking  - login passed
[main] INFO  ebanking  - provided username
[main] INFO  ebanking  - provided password
[main] INFO  ebanking  - provided username
[main] INFO  ebanking  - provide password
[main] INFO  ebanking  - clicked on new customer
[main] INFO  ebanking  - entered all customer details
[main] INFO  ebanking  - validation started
[main] INFO  ebanking  - Doesn't find any alert
[main] INFO  ebanking  - Test Case passed
[main] INFO  ebanking  - url is opened
[main] INFO  ebanking  - entered username
[main] INFO  ebanking  - entered password
[main] INFO  ebanking  - provided username
[main] INFO  ebanking  - provided password
[main] INFO  ebanking  - login passed
[main] INFO  ebanking  - provided username
[main] INFO  ebanking  - provided password
[main] INFO  ebanking  - provided username
[main] INFO  ebanking  - provide password
[main] INFO  ebanking  - clicked on new customer
[main] INFO  ebanking  - entered all customer details
[main] INFO  ebanking  - validation started
[main] INFO  ebanking  - url is opened
[main] INFO  ebanking  - entered username
[main] INFO  ebanking  - entered password
[main] INFO  ebanking  - provided username
[main] INFO  ebanking  - provided password
[main] INFO  ebanking  - login passed
[main] INFO  ebanking  - provided username
[main] INFO  ebanking  - provided password
[main] INFO  ebanking  - provided username
[main] INFO  ebanking  - provide password
[main] INFO  ebanking  - clicked on new customer
[main] INFO  ebanking  - entered all customer details
[main] INFO  ebanking  - validation started
[main] INFO  ebanking  - url is opened
[main] INFO  ebanking  - entered username
[main] INFO  ebanking  - entered password
[main] INFO  ebanking  - provided username
[main] INFO  ebanking  - provided password
[main] INFO  ebanking  - login passed
[main] INFO  ebanking  - provided username
[main] INFO  ebanking  - provided password
[main] INFO  ebanking  - provided username
[main] INFO  ebanking  - provide password
[main] INFO  ebanking  - clicked on new customer
[main] INFO  ebanking  - entered all customer details
[main] INFO  ebanking  - validation started
[main] INFO  ebanking  - Doesn't find any alert
[main] INFO  ebanking  - Test Case passed
[main] INFO  ebanking  - url is opened
[main] INFO  ebanking  - entered username
[main] INFO  ebanking  - entered password
[main] INFO  ebanking  - provided username
[main] INFO  ebanking  - provided password
[main] INFO  ebanking  - login passed
[main] INFO  ebanking  - provided username
[main] INFO  ebanking  - provided password
[main] INFO  ebanking  - provided username
[main] INFO  ebanking  - provide password
[main] INFO  ebanking  - clicked on new customer
[main] INFO  ebanking  - entered all customer details
[main] INFO  ebanking  - validation started
[main] INFO  ebanking  - Doesn't find any alert
[main] INFO  ebanking  - Test Case passed
[main] INFO  ebanking  - url is opened
[main] INFO  ebanking  - entered username
[main] INFO  ebanking  - entered password
[main] INFO  ebanking  - provided username
[main] INFO  ebanking  - provided password
[main] INFO  ebanking  - login passed
[main] INFO  ebanking  - provided username
[main] INFO  ebanking  - provided password
[main] INFO  ebanking  - provided username
[main] INFO  ebanking  - provide password
[main] INFO  ebanking  - clicked on new customer
[main] INFO  ebanking  - entered all customer details
[main] INFO  ebanking  - validation started
[main] INFO  ebanking  - Doesn't find any alert
[main] INFO  ebanking  - Test Case passed
[main] INFO  ebanking  - url is opened
[main] INFO  ebanking  - entered username
[main] INFO  ebanking  - entered password
[main] INFO  ebanking  - provided username
[main] INFO  ebanking  - provided password
[main] INFO  ebanking  - login passed
[main] INFO  ebanking  - provided username
[main] INFO  ebanking  - provided password
[main] INFO  ebanking  - provided username
[main] INFO  ebanking  - provide password
[main] INFO  ebanking  - clicked on new customer
[main] INFO  ebanking  - entered all customer details
[main] INFO  ebanking  - validation started
[main] INFO  ebanking  - Doesn't find any alert
[main] INFO  ebanking  - Test Case passed
